0 info it worked if it ends with ok
1 verbose cli [ '/usr/bin/nodejs', '/usr/bin/npm', 'run', 'dev' ]
2 info using npm@1.4.21
3 info using node@v0.10.29
4 verbose run-script [ 'predev', 'dev', 'postdev' ]
5 info predev @
6 info dev @
7 verbose unsafe-perm in lifecycle true
8 info @ Failed to exec dev script
9 error @ dev: `node node_modules/cross-env/dist/bin/cross-env.js NODE_ENV=development node_modules/webpack/bin/webpack.js --progress --hide-modules --config=node_modules/laravel-mix/setup/webpack.config.js`
9 error Exit status 8
10 error Failed at the @ dev script.
10 error This is most likely a problem with the  package,
10 error not with npm itself.
10 error Tell the author that this fails on your system:
10 error     node node_modules/cross-env/dist/bin/cross-env.js NODE_ENV=development node_modules/webpack/bin/webpack.js --progress --hide-modules --config=node_modules/laravel-mix/setup/webpack.config.js
10 error You can get their info via:
10 error     npm owner ls
10 error There is likely additional logging output above.
11 error System Linux 3.16.0-4-amd64
12 error command "/usr/bin/nodejs" "/usr/bin/npm" "run" "dev"
13 error cwd /home/tilonet/PhpstormProjects/WebApi
14 error node -v v0.10.29
15 error npm -v 1.4.21
16 error code ELIFECYCLE
17 verbose exit [ 1, true ]
